        -:    0:Source:cardtest1.c
        -:    0:Graph:cardtest1.gcno
        -:    0:Data:cardtest1.gcda
        -:    0:Runs:1
        -:    0:Programs:1
        -:    1:#include "dominion.h"
        -:    2:#include <stdio.h>
        -:    3:#include <stdlib.h>
        -:    4:#include <time.h>
        -:    5:
        -:    6:// The following is a unit test for the smithy card function within the dominion.c/dominon.h file
        -:    7:
        1:    8:void testSmithyCard() {
        1:    9:	srand(time(NULL));
        1:   10:	int seed = rand();
        1:   11:	int k[10] = {adventurer, gardens, embargo, village, minion, mine, cutpurse, sea_hag, tribute, smithy};
        -:   12:	
        -:   13:	//struct gameState* g = malloc(sizeof(struct gameState));
        -:   14:	struct gameState g;
        1:   15:	initializeGame(2, k, seed, &g);
        1:   16:	int choice1 = -1, 
        1:   17:	    choice2 = -1,
        1:   18:	    choice3 = -1;	
        1:   19:	int card = smithy;
        1:   20:	int bonus = 0;
        1:   21:	int handPos = 1;
        1:   22:	int player1 = 0,
        1:   23:	    player2 = 1;
        1:   24:	int initialDeckCount = g.deckCount[player1];
        1:   25:	int initialHandCount = g.handCount[player1];
        1:   26:	int initialDeckCount2 = g.deckCount[player2];
        1:   27:	int initialHandCount2 = g.handCount[player2];
        1:   28:	g.hand[player1][handPos] = smithy;
        -:   29:	int originalSupply[10];
        -:   30:	int i;
        1:   31:	int success = 1;
       11:   32:	for (i = 0; i < 10; i++) {
       10:   33:		originalSupply[i] = g.supplyCount[i]; 
        -:   34:	}
        1:   35:	printf("--------------- TESTING CARD: Smithy ---------------\n");
        1:   36:	printf("Test 1: Call the card function\n");
        1:   37:	if (cardEffect(card, choice1, choice2, choice3, &g, handPos, &bonus) == 0) {
        1:   38:		printf("smithyCard(): PASS when test contains return value == 0\n");
        -:   39:	} else {
    #####:   40:		success = 0;
    #####:   41:		printf("smithyCard(): FAIL when test contains return value == 0\n");
        -:   42:	}
        -:   43:
        1:   44:	printf("Test 2: Check player 1 deck count\n");
        1:   45:	if (g.deckCount[player1] == (initialDeckCount - 3)) {
    #####:   46:		printf("smithyCard(): PASS when test contains new deckCount that is 3 less than the previous deckCount\n");
        -:   47:	} else {
        1:   48:		success = 0;
        1:   49:		printf("smithyCard(): FAIL when test contains new deckCount that is 3 less than the previous deckCount\n");
        -:   50:	}
        -:   51:
        1:   52:	printf("Test 3: Check player 1 hand count\n");
        1:   53:	if (g.handCount[player1] == (initialHandCount + 2)) {
    #####:   54:		printf("smithyCard(): PASS when test contains handCount that is 2 greater than the previous deckCount\n");
        -:   55:	} else {
        1:   56:		success = 0;
        1:   57:		printf("smithyCard(): FAIL when test contains handCount that is 2 greater than the previous deckCount\n");
        -:   58:	}
        -:   59:
        1:   60:	printf("Test 4: Check played card count\n");
        1:   61:	if (g.playedCardCount == 1) {
        1:   62:		printf("smithyCard(): PASS when test contains playedCardCount of 1\n");
        -:   63:	} else {
    #####:   64:		success = 0;
    #####:   65:		printf("smithyCard(): FAIL when test contains playedCardCount of 1\n");
        -:   66:	}
        -:   67:
        1:   68:	printf("Test 5: Check if smithy is in played card pile\n");
        1:   69:	if ((g.playedCards[g.playedCardCount - 1]) == smithy) {
        1:   70:		printf("smithyCard(): PASS when test contains smithy in the playedCards pile\n");
        -:   71:	} else {
    #####:   72:		success = 0;
    #####:   73:		printf("smithyCard(): FAIL when test contains smithy in the playedCards pile\n");
        -:   74:	}
        -:   75:
        1:   76:	printf("Test 6: Check if player 2 deck state is unchanged\n");
        1:   77:	if (g.deckCount[player2] == initialDeckCount2) {
        1:   78:		printf("smithyCard(): PASS when test contains deckCount of player 2 state unchanged\n");
        -:   79:	} else {
    #####:   80:		success = 0;
    #####:   81:		printf("smithyCard(): FAIL when test contains deckCount of player 2 state unchanged\n");
        -:   82:	}
        -:   83:
        1:   84:	printf("Test 7: Check if player 2 hand state is unchanged\n");
        1:   85:	if (g.handCount[player2] == initialHandCount2) {
        1:   86:		printf("smithyCard(): PASS when test contains handCount of player 2 state unchanged\n");
        -:   87:	} else {
    #####:   88:		success = 0;
    #####:   89:		printf("smithyCard(): FAIL when test contains handCount of player 2 state unchanged\n");
        -:   90:	}
        -:   91:
        1:   92:	printf("Test 8: Check if victory card supply state is unchanged\n");
        1:   93:	if (g.supplyCount[estate] == 8 && g.supplyCount[duchy] == 8 && g.supplyCount[province] == 8) {
        1:   94:		printf("smithyCard(): PASS when test contains supply of victory card state unchanged\n");
        -:   95:	} else {
    #####:   96:		success = 0;
    #####:   97:		printf("smithyCard(): FAIL when test contains supply of victory card state unchanged\n");
        -:   98:	}
        -:   99:
        1:  100:	printf("Test 9: Check if kingdom card supply state is unchanged\n");
        1:  101:	int isUnchanged = 1;
       11:  102:	for (i = 0; i < 10; i++) {
       10:  103:		if (g.supplyCount[i] != originalSupply[i]) {
    #####:  104:			isUnchanged = 0;
        -:  105:		}
        -:  106:	} 
        1:  107:	if (isUnchanged) {
        1:  108:		printf("smithyCard(): PASS when test contains supply of kingdom cards state unchanged\n");
        -:  109:	} else {
    #####:  110:		success = 0;
    #####:  111:		printf("smithyCard(): FAIL when test contains supply of kingdom cards state unchanged\n");
        -:  112:	}
        -:  113:
        1:  114:	if (success) {
    #####:  115:		printf("\n--------------- TESTING SUCCESS ---------------\n\n");
        -:  116:	} else {
        1:  117:		printf("\n--------------- TESTING FAILURE ---------------\n\n");
        -:  118:	}
        1:  119:	printf("\n--------------- TESTING COMPLETE for Smithy ---------------\n\n");
        1:  120:}
        -:  121:
        1:  122:int main(int argc, char* argv[]) {
        1:  123:	testSmithyCard();
        1:  124:	return 0;
        -:  125:}
