        -:    0:Source:cardtest1.c
        -:    0:Graph:cardtest1.gcno
        -:    0:Data:cardtest1.gcda
        -:    0:Runs:1
        -:    0:Programs:1
        -:    1:#include "dominion.h"
        -:    2:#include "dominion_helpers.h"
        -:    3:#include <stdio.h>
        -:    4:#include <stdlib.h>
        -:    5:#include <time.h>
        -:    6:
        -:    7:// The following is a unit test for the smithy card function within the dominion.c/dominon.h file
        -:    8:
        1:    9:void testSmithyCard() {
        1:   10:	srand(time(NULL));
        1:   11:	int seed = rand();
        1:   12:	int k[10] = {adventurer, gardens, embargo, village, minion, mine, cutpurse, sea_hag, tribute, smithy};
        -:   13:	
        -:   14:	//struct gameState* g = malloc(sizeof(struct gameState));
        -:   15:	struct gameState g;
        1:   16:	initializeGame(2, k, seed, &g);
        1:   17:	int choice1 = -1, 
        1:   18:	    choice2 = -1,
        1:   19:	    choice3 = -1;	
        1:   20:	int card = smithy;
        1:   21:	int bonus = 0;
        1:   22:	int handPos = 1;
        1:   23:	int player1 = 0,
        1:   24:	    player2 = 1;
        1:   25:	int initialDeckCount = g.deckCount[player1];
        1:   26:	int initialHandCount = g.handCount[player1];
        1:   27:	int initialDeckCount2 = g.deckCount[player2];
        1:   28:	int initialHandCount2 = g.handCount[player2];
        1:   29:	g.hand[player1][handPos] = smithy;
        -:   30:	int originalSupply[10];
        -:   31:	int i;
        1:   32:	int success = 1;
       11:   33:	for (i = 0; i < 10; i++) {
       10:   34:		originalSupply[i] = g.supplyCount[i]; 
        -:   35:	}
        1:   36:	printf("--------------- TESTING CARD: Smithy ---------------\n");
        1:   37:	printf("Test 1: Call the card function\n");
        1:   38:	if (cardEffect(card, choice1, choice2, choice3, &g, handPos, &bonus) == 0) {
        1:   39:		printf("smithyCard(): PASS when test contains return value == 0\n");
        -:   40:	} else {
    #####:   41:		success = 0;
    #####:   42:		printf("smithyCard(): FAIL when test contains return value == 0\n");
        -:   43:	}
        -:   44:
        1:   45:	printf("Test 2: Check player 1 deck count\n");
        1:   46:	if (g.deckCount[player1] == (initialDeckCount - 3)) {
    #####:   47:		printf("smithyCard(): PASS when test contains new deckCount that is 3 less than the previous deckCount\n");
        -:   48:	} else {
        1:   49:		success = 0;
        1:   50:		printf("smithyCard(): FAIL when test contains new deckCount that is 3 less than the previous deckCount\n");
        -:   51:	}
        -:   52:
        1:   53:	printf("Test 3: Check player 1 hand count\n");
        1:   54:	if (g.handCount[player1] == (initialHandCount + 2)) {
    #####:   55:		printf("smithyCard(): PASS when test contains handCount that is 2 greater than the previous deckCount\n");
        -:   56:	} else {
        1:   57:		success = 0;
        1:   58:		printf("smithyCard(): FAIL when test contains handCount that is 2 greater than the previous deckCount\n");
        -:   59:	}
        -:   60:
        1:   61:	printf("Test 4: Check played card count\n");
        1:   62:	if (g.playedCardCount == 1) {
        1:   63:		printf("smithyCard(): PASS when test contains playedCardCount of 1\n");
        -:   64:	} else {
    #####:   65:		success = 0;
    #####:   66:		printf("smithyCard(): FAIL when test contains playedCardCount of 1\n");
        -:   67:	}
        -:   68:
        1:   69:	printf("Test 5: Check if smithy is in played card pile\n");
        1:   70:	if ((g.playedCards[g.playedCardCount - 1]) == smithy) {
        1:   71:		printf("smithyCard(): PASS when test contains smithy in the playedCards pile\n");
        -:   72:	} else {
    #####:   73:		success = 0;
    #####:   74:		printf("smithyCard(): FAIL when test contains smithy in the playedCards pile\n");
        -:   75:	}
        -:   76:
        1:   77:	printf("Test 6: Check if player 2 deck state is unchanged\n");
        1:   78:	if (g.deckCount[player2] == initialDeckCount2) {
        1:   79:		printf("smithyCard(): PASS when test contains deckCount of player 2 state unchanged\n");
        -:   80:	} else {
    #####:   81:		success = 0;
    #####:   82:		printf("smithyCard(): FAIL when test contains deckCount of player 2 state unchanged\n");
        -:   83:	}
        -:   84:
        1:   85:	printf("Test 7: Check if player 2 hand state is unchanged\n");
        1:   86:	if (g.handCount[player2] == initialHandCount2) {
        1:   87:		printf("smithyCard(): PASS when test contains handCount of player 2 state unchanged\n");
        -:   88:	} else {
    #####:   89:		success = 0;
    #####:   90:		printf("smithyCard(): FAIL when test contains handCount of player 2 state unchanged\n");
        -:   91:	}
        -:   92:
        1:   93:	printf("Test 8: Check if victory card supply state is unchanged\n");
        1:   94:	if (g.supplyCount[estate] == 8 && g.supplyCount[duchy] == 8 && g.supplyCount[province] == 8) {
        1:   95:		printf("smithyCard(): PASS when test contains supply of victory card state unchanged\n");
        -:   96:	} else {
    #####:   97:		success = 0;
    #####:   98:		printf("smithyCard(): FAIL when test contains supply of victory card state unchanged\n");
        -:   99:	}
        -:  100:
        1:  101:	printf("Test 9: Check if kingdom card supply state is unchanged\n");
        1:  102:	int isUnchanged = 1;
       11:  103:	for (i = 0; i < 10; i++) {
       10:  104:		if (g.supplyCount[i] != originalSupply[i]) {
    #####:  105:			isUnchanged = 0;
        -:  106:		}
        -:  107:	} 
        1:  108:	if (isUnchanged) {
        1:  109:		printf("smithyCard(): PASS when test contains supply of kingdom cards state unchanged\n");
        -:  110:	} else {
    #####:  111:		success = 0;
    #####:  112:		printf("smithyCard(): FAIL when test contains supply of kingdom cards state unchanged\n");
        -:  113:	}
        -:  114:
        1:  115:	if (success) {
    #####:  116:		printf("\n--------------- TESTING SUCCESS ---------------\n\n");
        -:  117:	} else {
        1:  118:		printf("\n--------------- TESTING FAILURE ---------------\n\n");
        -:  119:	}
        1:  120:	printf("\n--------------- TESTING COMPLETE for Smithy ---------------\n\n");
        1:  121:}
        -:  122:
        1:  123:int main(int argc, char* argv[]) {
        1:  124:	testSmithyCard();
        1:  125:	return 0;
        -:  126:}
