        -:    0:Source:cardtest3.c
        -:    0:Graph:cardtest3.gcno
        -:    0:Data:cardtest3.gcda
        -:    0:Runs:1
        -:    0:Programs:1
        -:    1:#include "dominion.h"
        -:    2:#include "dominion_helpers.h"
        -:    3:#include <stdio.h>
        -:    4:#include <stdlib.h>
        -:    5:#include <time.h>
        -:    6:
        -:    7:// The following is a unit test for the great hall card function within the dominion.c/dominon.h file
        -:    8:
        1:    9:void testGreatHallCard() {
        1:   10:	srand(time(NULL));
        1:   11:	int seed = rand();
        1:   12:	int k[10] = {adventurer, gardens, embargo, village, minion, mine, cutpurse, sea_hag, tribute, smithy};
        -:   13:	
        -:   14:	struct gameState g;
        1:   15:	initializeGame(2, k, seed, &g);
        1:   16:	int choice1 = -1, 
        1:   17:	    choice2 = -1,
        1:   18:	    choice3 = -1;	
        1:   19:	int card = great_hall;
        1:   20:	int bonus = 0;
        1:   21:	int handPos = 1;
        1:   22:	int player1 = 0,
        1:   23:	    player2 = 1;
        1:   24:	int initialDeckCount = g.deckCount[player1];
        1:   25:	int initialDeckCount2 = g.deckCount[player2];
        1:   26:	int initialHandCount = g.handCount[player1];
        1:   27:	int initialHandCount2 = g.handCount[player2];
        1:   28:	g.hand[player1][handPos] = great_hall;
        -:   29:	int originalSupply[10];
        -:   30:	int i;
        1:   31:	int success = 1;
       11:   32:	for (i = 0; i < 10; i++) {
       10:   33:		originalSupply[i] = g.supplyCount[i];
        -:   34:	}
        -:   35:
        1:   36:	printf("--------------- TESTING CARD: Great Hall ---------------\n");
        1:   37:	printf("Test 1: Call the card function\n");
        1:   38:	if (cardEffect(card, choice1, choice2, choice3, &g, handPos, &bonus) == 0) {
        1:   39:		printf("greatHallCard(): PASS when test contains return value == 0\n");
        -:   40:	} else {
    #####:   41:		success = 0;
    #####:   42:		printf("greatHallCard(): FAIL when test contains return value == 0\n");
        -:   43:	}
        -:   44:
        1:   45:	printf("Test 2: Check player 1 deck count\n");
        1:   46:	if (g.deckCount[player1] == (initialDeckCount - 1)) {
        1:   47:		printf("greatHallCard(): PASS when test contains new deckCount that is 1 less than the previous deckCount\n");
        -:   48:	} else {
    #####:   49:		success = 0;
    #####:   50:		printf("greatHallCard(): FAIL when test contains new deckCount that is 1 less than the previous deckCount\n");
        -:   51:	}
        -:   52:
        1:   53:	printf("Test 3: Check player 1 hand count\n");
        1:   54:	if (g.handCount[player1] == initialHandCount) {
        1:   55:		printf("greatHallCard(): PASS when test contains handCount that is equal to the previous deckCount\n");
        -:   56:	} else {
    #####:   57:		success = 0;
    #####:   58:		printf("greatHallCard(): FAIL when test contains handCount that is equal to the previous deckCount\n");
        -:   59:	}
        -:   60:
        1:   61:	printf("Test 3: Check played card count\n");
        1:   62:	if (g.playedCardCount == 1) {
        1:   63:		printf("greatHallCard(): PASS when test contains playedCardCount of 1\n");
        -:   64:	} else {
    #####:   65:		success = 0;
    #####:   66:		printf("greatHallCard(): FAIL when test contains playedCardCount of 1\n");
        -:   67:	}
        -:   68:
        1:   69:	printf("Test 4: Check number of actions\n");
        1:   70:	if (g.numActions == 2) {
        1:   71:		printf("greatHallCard(): PASS when test contains numActions == 2\n");
        -:   72:	} else {
    #####:   73:		success = 0;
    #####:   74:		printf("greatHallCard(): FAIL when test contains numActions == 2\n");
        -:   75:	}
        -:   76:
        1:   77:	printf("Test 5: Check if great hall card is in the played cards pile\n");
        1:   78:	if (g.playedCards[g.playedCardCount - 1] == great_hall) {
        1:   79:		printf("greatHallCard(): PASS when test contains the great_hall card in the playedCards pile\n");
        -:   80:	} else {
    #####:   81:		success = 0;
    #####:   82:		printf("greatHallCard(): FAIL when test contains the great_hall card in the playedCards pile\n");
        -:   83:	}
        -:   84:
        1:   85:	printf("Test 6: Check player 2 deck count state\n");
        1:   86:	if (g.deckCount[player2] == initialDeckCount2) {
        1:   87:		printf("greatHallCard(): PASS when test contains deckCount of player 2 state unchanged\n");
        -:   88:	} else {
    #####:   89:		success = 0;
    #####:   90:		printf("greatHallCard(): FAIL when test contains deckCount of player 2 state unchanged\n");
        -:   91:	}
        -:   92:
        1:   93:	printf("Test 7: Check player 2 hand count state\n");
        1:   94:	if (g.handCount[player2] == initialHandCount2) {
        1:   95:		printf("greatHallCard(): PASS when test contains handCount of plyaer 2 state unchanged\n");
        -:   96:	} else {
    #####:   97:		success = 0;
    #####:   98:		printf("greatHallCard(): FAILS when test contains handCount of plyaer 2 state unchanged\n");
        -:   99:	}
        -:  100:
        1:  101:	printf("Test 8: Check victory card supply state\n");
        1:  102:	if (g.supplyCount[estate] == 8 && g.supplyCount[duchy] == 8 && g.supplyCount[province] == 8) {
        1:  103:		printf("greatHallCard(): PASS when test contains supply of victory card state unchanged\n");
        -:  104:	} else {
    #####:  105:		success = 0;
    #####:  106:		printf("greatHallCard(): FAIL when test contains supply of victory card state unchanged\n");
        -:  107:	}
        -:  108:
        1:  109:	printf("Test 9: Check kingdom card supply state\n");
        1:  110:	int isUnchanged = 1;
       11:  111:	for (i = 0; i < 10; i++) {
       10:  112:		if (g.supplyCount[i] != originalSupply[i]) {
    #####:  113:			isUnchanged = 0;
        -:  114:		}
        -:  115:	}
        -:  116:
        1:  117:	if (isUnchanged) {
        1:  118:		printf("greatHallCard(): PASS when test contains supply of kingdom cards state unchanged\n");
        -:  119:	} else {
    #####:  120:		success = 0;
    #####:  121:		printf("greatHallCard(): FAIL when test contains supply of kingdom cards state unchanged\n");
        -:  122:	}
        -:  123:
        1:  124:	if (success) {
        1:  125:		printf("\n\n--------------- TESTING SUCCESS ---------------\n");
        -:  126:	} else {
    #####:  127:		printf("\n\n--------------- TESTING FAILURE ---------------\n");
        -:  128:	}
        1:  129:	printf("\n\n--------------- TESTING COMPLETE for Great Hall ---------------\n");
        1:  130:}
        -:  131:
        1:  132:int main(int argc, char* argv[]) {
        1:  133:	testGreatHallCard();
        1:  134:	return 0;
        -:  135:}
